<?xml version="1.0" encoding="UTF-8"?>
<testsuite name="com.stripe.android.paymentsheet.forms.PopulateFormFromFormFieldValuesTest" tests="3" skipped="0" failures="0" errors="0" timestamp="2021-07-16T03:19:36" hostname="debian" time="0.008">
  <properties/>
  <testcase name="Attempt to populate with a value not in the form" classname="com.stripe.android.paymentsheet.forms.PopulateFormFromFormFieldValuesTest" time="0.006"/>
  <testcase name="Attempt to populate form with no values" classname="com.stripe.android.paymentsheet.forms.PopulateFormFromFormFieldValuesTest" time="0.001"/>
  <testcase name="Populate form elements from form field values" classname="com.stripe.android.paymentsheet.forms.PopulateFormFromFormFieldValuesTest" time="0.001"/>
  <system-out><![CDATA[]]></system-out>
  <system-err><![CDATA[]]></system-err>
</testsuite>
