<?xml version="1.0" encoding="UTF-8"?>
<testsuite name="com.stripe.android.paymentsheet.forms.TransformElementToFormViewValueFlowTest" tests="4" skipped="0" failures="0" errors="0" timestamp="2021-07-16T03:19:37" hostname="debian" time="0.045">
  <properties/>
  <testcase name="If all controllers are complete and no optional values the flow value has all values" classname="com.stripe.android.paymentsheet.forms.TransformElementToFormViewValueFlowTest" time="0.03"/>
  <testcase name="If an optional field is complete field pairs contain only the non-optional values" classname="com.stripe.android.paymentsheet.forms.TransformElementToFormViewValueFlowTest" time="0.005"/>
  <testcase name="With only some complete controllers and no optional values the flow value is null" classname="com.stripe.android.paymentsheet.forms.TransformElementToFormViewValueFlowTest" time="0.005"/>
  <testcase name="If an optional field is incomplete field pairs have the non-optional values" classname="com.stripe.android.paymentsheet.forms.TransformElementToFormViewValueFlowTest" time="0.005"/>
  <system-out><![CDATA[]]></system-out>
  <system-err><![CDATA[]]></system-err>
</testsuite>
