<?xml version="1.0" encoding="UTF-8"?>
<testsuite name="com.stripe.android.paymentsheet.elements.SaveForFutureUseControllerTest" tests="2" skipped="0" failures="0" errors="0" timestamp="2021-07-16T03:19:18" hostname="debian" time="0.061">
  <properties/>
  <testcase name="Save for future use is initialized as true and no optional items" classname="com.stripe.android.paymentsheet.elements.SaveForFutureUseControllerTest" time="0.06"/>
  <testcase name="Save for future use when set to false shows the optional items specified" classname="com.stripe.android.paymentsheet.elements.SaveForFutureUseControllerTest" time="0.001"/>
  <system-out><![CDATA[]]></system-out>
  <system-err><![CDATA[]]></system-err>
</testsuite>
