<?xml version="1.0" encoding="UTF-8"?>
<testsuite name="com.stripe.android.paymentsheet.elements.TextSectionFieldStateConstantsTest" tests="4" skipped="0" failures="0" errors="0" timestamp="2021-07-16T03:19:18" hostname="debian" time="0.002">
  <properties/>
  <testcase name="verify Limitless states are never shown as error" classname="com.stripe.android.paymentsheet.elements.TextSectionFieldStateConstantsTest" time="0.001"/>
  <testcase name="verify blank and required errors are never shown" classname="com.stripe.android.paymentsheet.elements.TextSectionFieldStateConstantsTest" time="0.0"/>
  <testcase name="verify malformed are shown when you do and don't have focus" classname="com.stripe.android.paymentsheet.elements.TextSectionFieldStateConstantsTest" time="0.001"/>
  <testcase name="verify incomplete errors are shown when don't have focus" classname="com.stripe.android.paymentsheet.elements.TextSectionFieldStateConstantsTest" time="0.0"/>
  <system-out><![CDATA[]]></system-out>
  <system-err><![CDATA[]]></system-err>
</testsuite>
